2015-01-25 12:07:26,601 [main] DEBUG: edu.cmu.ri.createlab.terk.application.TerkApplication: TerkApplication.TerkApplication()
2015-01-25 12:07:26,602 [main] INFO : edu.cmu.ri.createlab.terk.application.TerkApplication: TerkApplication.TerkApplication(): System property [terk-application.connection-strategy.class.name] is not defined.  Attempting to use default [edu.cmu.ri.createlab.terk.robot.finch.LocalFinchConnectionStrategy] implementation class instead.
2015-01-25 12:07:26,635 [main] DEBUG: edu.cmu.ri.createlab.terk.application.TerkApplication: TerkApplication.TerkApplication(): successfully instantiated ConnectionStrategy implementation class [edu.cmu.ri.createlab.terk.robot.finch.LocalFinchConnectionStrategy]
2015-01-25 12:07:26,741 [main] DEBUG: edu.cmu.ri.createlab.device.connectivity.BaseCreateLabDeviceConnectivityManager: BaseCreateLabDeviceConnectivityManager: scanAndConnectWorkhorseRunnable.run()
2015-01-25 12:07:26,741 [main] DEBUG: edu.cmu.ri.createlab.device.connectivity.BaseCreateLabDeviceConnectivityManager: BaseCreateLabDeviceConnectivityManager.disconnect()
2015-01-25 12:07:26,742 [main] DEBUG: edu.cmu.ri.createlab.terk.robot.finch.LocalFinchConnectionStrategy: LocalFinchConnectionStrategy.handleConnectionStateChange(): OLD [Disconnected]  NEW [Disconnected]  port []
2015-01-25 12:07:26,742 [BaseCreateLabDeviceConnectivityManager.executorService pool-1-thread-1] DEBUG: edu.cmu.ri.createlab.device.connectivity.BaseCreateLabDeviceConnectivityManager: CreateLabDeviceConnectivityManagerImpl$DeviceScanner.run()
2015-01-25 12:07:26,742 [BaseCreateLabDeviceConnectivityManager.executorService pool-1-thread-1] DEBUG: edu.cmu.ri.createlab.terk.robot.finch.LocalFinchConnectionStrategy: LocalFinchConnectionStrategy.handleConnectionStateChange(): OLD [Disconnected]  NEW [Scanning]  port []
2015-01-25 12:07:26,748 [BaseCreateLabDeviceConnectivityManager.executorService pool-1-thread-1] DEBUG: edu.cmu.ri.createlab.terk.robot.finch.DefaultFinchController: DefaultFinchController.create(): creating HID device for vendor ID [2354] and product ID [1111]
2015-01-25 12:07:27,029 [BaseCreateLabDeviceConnectivityManager.executorService pool-1-thread-1] DEBUG: edu.cmu.ri.createlab.terk.robot.finch.DefaultFinchController: DefaultFinchController.create(): attempting connection...
2015-01-25 12:07:27,029 [BaseCreateLabDeviceConnectivityManager.executorService pool-1-thread-1] DEBUG: edu.cmu.ri.createlab.usb.hid.hidapi.BaseHIDAPIDevice: BaseHIDAPIDevice.readDeviceInfo(): looking for device with vendor id [2354] and product id [1111]
2015-01-25 12:07:27,031 [BaseCreateLabDeviceConnectivityManager.executorService pool-1-thread-1] DEBUG: edu.cmu.ri.createlab.util.NativeLibraryVersionChooser: NativeLibraryVersionChooser.getLibraryName(): sun.arch.data.model system property = [64]
2015-01-25 12:07:27,031 [BaseCreateLabDeviceConnectivityManager.executorService pool-1-thread-1] DEBUG: edu.cmu.ri.createlab.util.NativeLibraryVersionChooser: NativeLibraryVersionChooser.getLibraryName(): trying to load library [hidapi64]...
2015-01-25 12:07:27,106 [BaseCreateLabDeviceConnectivityManager.executorService pool-1-thread-1] DEBUG: edu.cmu.ri.createlab.util.NativeLibraryVersionChooser: NativeLibraryVersionChooser.getLibraryName(): successfully loaded library [hidapi64]
2015-01-25 12:07:27,107 [BaseCreateLabDeviceConnectivityManager.executorService pool-1-thread-1] DEBUG: edu.cmu.ri.createlab.util.NativeLibraryVersionChooser: NativeLibraryVersionChooser.getLibraryName(): returning [hidapi64]
2015-01-25 12:07:27,670 [BaseCreateLabDeviceConnectivityManager.executorService pool-1-thread-1] DEBUG: edu.cmu.ri.createlab.usb.hid.hidapi.BaseHIDAPIDevice: BaseHIDAPIDevice.readDeviceInfo(): found matching device:
2015-01-25 12:07:27,670 [BaseCreateLabDeviceConnectivityManager.executorService pool-1-thread-1] DEBUG: edu.cmu.ri.createlab.usb.hid.hidapi.BaseHIDAPIDevice:    manufacturer   = [BirdBrain Tools]
2015-01-25 12:07:27,670 [BaseCreateLabDeviceConnectivityManager.executorService pool-1-thread-1] DEBUG: edu.cmu.ri.createlab.usb.hid.hidapi.BaseHIDAPIDevice:    product        = [Finch]
2015-01-25 12:07:27,670 [BaseCreateLabDeviceConnectivityManager.executorService pool-1-thread-1] DEBUG: edu.cmu.ri.createlab.usb.hid.hidapi.BaseHIDAPIDevice:    serial number  = [null]
2015-01-25 12:07:27,670 [BaseCreateLabDeviceConnectivityManager.executorService pool-1-thread-1] DEBUG: edu.cmu.ri.createlab.usb.hid.hidapi.BaseHIDAPIDevice:    path           = [0003:0013:00]
2015-01-25 12:07:27,670 [BaseCreateLabDeviceConnectivityManager.executorService pool-1-thread-1] DEBUG: edu.cmu.ri.createlab.usb.hid.hidapi.BaseHIDAPIDevice:    Vendor/Product = [2354|1111]
2015-01-25 12:07:27,670 [BaseCreateLabDeviceConnectivityManager.executorService pool-1-thread-1] DEBUG: edu.cmu.ri.createlab.usb.hid.hidapi.BaseHIDAPIDevice: BaseHIDAPIDevice.claimAvailableDevice(): Device with path [0003:0013:00] NOT in use, so we'll use it
2015-01-25 12:07:27,670 [BaseCreateLabDeviceConnectivityManager.executorService pool-1-thread-1] DEBUG: edu.cmu.ri.createlab.usb.hid.hidapi.BaseHIDAPIDevice: BaseHIDAPIDevice.claimAvailableDevice(): returing deviceInfo! [edu.cmu.ri.createlab.usb.hid.DeviceInfoImpl@2554aed9]
2015-01-25 12:07:27,670 [BaseCreateLabDeviceConnectivityManager.executorService pool-1-thread-1] DEBUG: edu.cmu.ri.createlab.usb.hid.hidapi.BaseHIDAPIDevice: BaseHIDAPIDevice.claimAvailableDevice(): returning the deviceInfo [edu.cmu.ri.createlab.usb.hid.DeviceInfoImpl@2554aed9]
2015-01-25 12:07:27,684 [BaseCreateLabDeviceConnectivityManager.executorService pool-1-thread-1] DEBUG: edu.cmu.ri.createlab.device.connectivity.BaseCreateLabDeviceConnectivityManager: CreateLabDeviceConnectivityManagerImpl$DeviceScanner.run(): connection established!
2015-01-25 12:07:27,684 [BaseCreateLabDeviceConnectivityManager.executorService pool-1-thread-1] DEBUG: edu.cmu.ri.createlab.terk.robot.finch.LocalFinchConnectionStrategy: LocalFinchConnectionStrategy.handleConnectionStateChange(): OLD [Scanning]  NEW [Connected]  port [0003:0013:00]
2015-01-25 12:32:24,108 [main] DEBUG: edu.cmu.ri.createlab.terk.application.TerkApplication: TerkApplication.TerkApplication()
2015-01-25 12:32:24,109 [main] INFO : edu.cmu.ri.createlab.terk.application.TerkApplication: TerkApplication.TerkApplication(): System property [terk-application.connection-strategy.class.name] is not defined.  Attempting to use default [edu.cmu.ri.createlab.terk.robot.finch.LocalFinchConnectionStrategy] implementation class instead.
2015-01-25 12:32:24,116 [main] DEBUG: edu.cmu.ri.createlab.terk.application.TerkApplication: TerkApplication.TerkApplication(): successfully instantiated ConnectionStrategy implementation class [edu.cmu.ri.createlab.terk.robot.finch.LocalFinchConnectionStrategy]
2015-01-25 12:32:24,168 [main] DEBUG: edu.cmu.ri.createlab.device.connectivity.BaseCreateLabDeviceConnectivityManager: BaseCreateLabDeviceConnectivityManager: scanAndConnectWorkhorseRunnable.run()
2015-01-25 12:32:24,168 [main] DEBUG: edu.cmu.ri.createlab.device.connectivity.BaseCreateLabDeviceConnectivityManager: BaseCreateLabDeviceConnectivityManager.disconnect()
2015-01-25 12:32:24,168 [main] DEBUG: edu.cmu.ri.createlab.terk.robot.finch.LocalFinchConnectionStrategy: LocalFinchConnectionStrategy.handleConnectionStateChange(): OLD [Disconnected]  NEW [Disconnected]  port []
2015-01-25 12:32:24,169 [BaseCreateLabDeviceConnectivityManager.executorService pool-1-thread-1] DEBUG: edu.cmu.ri.createlab.device.connectivity.BaseCreateLabDeviceConnectivityManager: CreateLabDeviceConnectivityManagerImpl$DeviceScanner.run()
2015-01-25 12:32:24,169 [BaseCreateLabDeviceConnectivityManager.executorService pool-1-thread-1] DEBUG: edu.cmu.ri.createlab.terk.robot.finch.LocalFinchConnectionStrategy: LocalFinchConnectionStrategy.handleConnectionStateChange(): OLD [Disconnected]  NEW [Scanning]  port []
2015-01-25 12:32:24,173 [BaseCreateLabDeviceConnectivityManager.executorService pool-1-thread-1] DEBUG: edu.cmu.ri.createlab.terk.robot.finch.DefaultFinchController: DefaultFinchController.create(): creating HID device for vendor ID [2354] and product ID [1111]
2015-01-25 12:32:24,340 [BaseCreateLabDeviceConnectivityManager.executorService pool-1-thread-1] DEBUG: edu.cmu.ri.createlab.terk.robot.finch.DefaultFinchController: DefaultFinchController.create(): attempting connection...
2015-01-25 12:32:24,340 [BaseCreateLabDeviceConnectivityManager.executorService pool-1-thread-1] DEBUG: edu.cmu.ri.createlab.usb.hid.hidapi.BaseHIDAPIDevice: BaseHIDAPIDevice.readDeviceInfo(): looking for device with vendor id [2354] and product id [1111]
2015-01-25 12:32:24,341 [BaseCreateLabDeviceConnectivityManager.executorService pool-1-thread-1] DEBUG: edu.cmu.ri.createlab.util.NativeLibraryVersionChooser: NativeLibraryVersionChooser.getLibraryName(): sun.arch.data.model system property = [64]
2015-01-25 12:32:24,341 [BaseCreateLabDeviceConnectivityManager.executorService pool-1-thread-1] DEBUG: edu.cmu.ri.createlab.util.NativeLibraryVersionChooser: NativeLibraryVersionChooser.getLibraryName(): trying to load library [hidapi64]...
2015-01-25 12:32:24,342 [BaseCreateLabDeviceConnectivityManager.executorService pool-1-thread-1] DEBUG: edu.cmu.ri.createlab.util.NativeLibraryVersionChooser: NativeLibraryVersionChooser.getLibraryName(): successfully loaded library [hidapi64]
2015-01-25 12:32:24,342 [BaseCreateLabDeviceConnectivityManager.executorService pool-1-thread-1] DEBUG: edu.cmu.ri.createlab.util.NativeLibraryVersionChooser: NativeLibraryVersionChooser.getLibraryName(): returning [hidapi64]
2015-01-25 12:32:24,747 [BaseCreateLabDeviceConnectivityManager.executorService pool-1-thread-1] DEBUG: edu.cmu.ri.createlab.usb.hid.hidapi.BaseHIDAPIDevice: BaseHIDAPIDevice.readDeviceInfo(): found matching device:
2015-01-25 12:32:24,748 [BaseCreateLabDeviceConnectivityManager.executorService pool-1-thread-1] DEBUG: edu.cmu.ri.createlab.usb.hid.hidapi.BaseHIDAPIDevice:    manufacturer   = [BirdBrain Tools]
2015-01-25 12:32:24,748 [BaseCreateLabDeviceConnectivityManager.executorService pool-1-thread-1] DEBUG: edu.cmu.ri.createlab.usb.hid.hidapi.BaseHIDAPIDevice:    product        = [Finch]
2015-01-25 12:32:24,748 [BaseCreateLabDeviceConnectivityManager.executorService pool-1-thread-1] DEBUG: edu.cmu.ri.createlab.usb.hid.hidapi.BaseHIDAPIDevice:    serial number  = [null]
2015-01-25 12:32:24,748 [BaseCreateLabDeviceConnectivityManager.executorService pool-1-thread-1] DEBUG: edu.cmu.ri.createlab.usb.hid.hidapi.BaseHIDAPIDevice:    path           = [0003:0013:00]
2015-01-25 12:32:24,748 [BaseCreateLabDeviceConnectivityManager.executorService pool-1-thread-1] DEBUG: edu.cmu.ri.createlab.usb.hid.hidapi.BaseHIDAPIDevice:    Vendor/Product = [2354|1111]
2015-01-25 12:32:24,748 [BaseCreateLabDeviceConnectivityManager.executorService pool-1-thread-1] DEBUG: edu.cmu.ri.createlab.usb.hid.hidapi.BaseHIDAPIDevice: BaseHIDAPIDevice.claimAvailableDevice(): Device with path [0003:0013:00] NOT in use, so we'll use it
2015-01-25 12:32:24,748 [BaseCreateLabDeviceConnectivityManager.executorService pool-1-thread-1] DEBUG: edu.cmu.ri.createlab.usb.hid.hidapi.BaseHIDAPIDevice: BaseHIDAPIDevice.claimAvailableDevice(): returing deviceInfo! [edu.cmu.ri.createlab.usb.hid.DeviceInfoImpl@12a4d4e9]
2015-01-25 12:32:24,748 [BaseCreateLabDeviceConnectivityManager.executorService pool-1-thread-1] DEBUG: edu.cmu.ri.createlab.usb.hid.hidapi.BaseHIDAPIDevice: BaseHIDAPIDevice.claimAvailableDevice(): returning the deviceInfo [edu.cmu.ri.createlab.usb.hid.DeviceInfoImpl@12a4d4e9]
2015-01-25 12:32:24,765 [BaseCreateLabDeviceConnectivityManager.executorService pool-1-thread-1] DEBUG: edu.cmu.ri.createlab.device.connectivity.BaseCreateLabDeviceConnectivityManager: CreateLabDeviceConnectivityManagerImpl$DeviceScanner.run(): connection established!
2015-01-25 12:32:24,766 [BaseCreateLabDeviceConnectivityManager.executorService pool-1-thread-1] DEBUG: edu.cmu.ri.createlab.terk.robot.finch.LocalFinchConnectionStrategy: LocalFinchConnectionStrategy.handleConnectionStateChange(): OLD [Scanning]  NEW [Connected]  port [0003:0013:00]
2015-01-25 12:32:24,773 [main] INFO : edu.cmu.ri.createlab.speech.AbstractMouth: All available voices
2015-01-25 12:32:24,785 [main] INFO : edu.cmu.ri.createlab.speech.AbstractMouth:     kevin (general domain)
2015-01-25 12:32:24,785 [main] INFO : edu.cmu.ri.createlab.speech.AbstractMouth:     kevin16 (general domain)
2015-01-25 12:32:24,785 [main] INFO : edu.cmu.ri.createlab.speech.AbstractMouth: Using voice: kevin
2015-01-25 12:32:25,104 [main] DEBUG: edu.cmu.ri.createlab.audio.AudioHelper: AudioHelper.playClip(num bytes=30116)
2015-01-25 12:32:25,135 [main] DEBUG: edu.cmu.ri.createlab.terk.robot.finch.services.FinchServiceManager: FinchServiceManager.loadService() needs to load the [::TeRK::led::FullColorLEDService] service
2015-01-25 12:32:25,136 [main] DEBUG: edu.cmu.ri.createlab.terk.robot.finch.services.FinchServiceFactory: FinchServiceFactory.createService(::TeRK::led::FullColorLEDService)
2015-01-25 12:32:25,138 [main] DEBUG: edu.cmu.ri.createlab.terk.properties.BasicPropertyManager: ServantPropertyManager.setReadOnlyProperty(device.count,1)
2015-01-25 12:32:25,138 [main] DEBUG: edu.cmu.ri.createlab.terk.properties.BasicPropertyManager: ServantPropertyManager.setReadOnlyProperty(::TeRK::led::FullColorLEDService::min-intensity,0)
2015-01-25 12:32:25,138 [main] DEBUG: edu.cmu.ri.createlab.terk.properties.BasicPropertyManager: ServantPropertyManager.setReadOnlyProperty(::TeRK::led::FullColorLEDService::max-intensity,255)
2015-01-25 12:32:25,141 [main] DEBUG: edu.cmu.ri.createlab.terk.robot.finch.services.FinchServiceManager: FinchServiceManager.loadService() needs to load the [::TeRK::motor::OpenLoopVelocityControllableMotorService] service
2015-01-25 12:32:25,141 [main] DEBUG: edu.cmu.ri.createlab.terk.robot.finch.services.FinchServiceFactory: FinchServiceFactory.createService(::TeRK::motor::OpenLoopVelocityControllableMotorService)
2015-01-25 12:32:25,142 [main] DEBUG: edu.cmu.ri.createlab.terk.properties.BasicPropertyManager: ServantPropertyManager.setReadOnlyProperty(device.count,2)
2015-01-25 12:32:25,142 [main] DEBUG: edu.cmu.ri.createlab.terk.properties.BasicPropertyManager: ServantPropertyManager.setReadOnlyProperty(::TeRK::motor::OpenLoopVelocityControllableMotorService::min-velocity,-255)
2015-01-25 12:32:25,142 [main] DEBUG: edu.cmu.ri.createlab.terk.properties.BasicPropertyManager: ServantPropertyManager.setReadOnlyProperty(::TeRK::motor::OpenLoopVelocityControllableMotorService::max-velocity,255)
2015-01-25 12:32:29,245 [main] DEBUG: edu.cmu.ri.createlab.terk.application.TerkApplication: TerkApplication.shutdown()
2015-01-25 12:32:29,245 [main] DEBUG: edu.cmu.ri.createlab.terk.application.TerkApplication: TerkApplication$shutdownRunnable.run()
2015-01-25 12:32:29,246 [main] DEBUG: edu.cmu.ri.createlab.terk.robot.finch.LocalFinchConnectionStrategy: LocalFinchConnectionStrategy.prepareForShutdown()
2015-01-25 12:32:29,246 [main] DEBUG: edu.cmu.ri.createlab.terk.robot.finch.LocalFinchConnectionStrategy: LocalFinchConnectionStrategy.disconnect()
2015-01-25 12:32:29,246 [main] DEBUG: edu.cmu.ri.createlab.device.connectivity.BaseCreateLabDeviceConnectivityManager: BaseCreateLabDeviceConnectivityManager.disconnect()
2015-01-25 12:32:29,246 [main] DEBUG: edu.cmu.ri.createlab.terk.robot.finch.DefaultFinchController: DefaultFinchController.disconnect(): Shutting down finch pinger...
2015-01-25 12:32:29,247 [main] DEBUG: edu.cmu.ri.createlab.terk.robot.finch.DefaultFinchController: DefaultFinchController.disconnect(): Successfully shut down finch pinger.
2015-01-25 12:32:29,247 [main] DEBUG: edu.cmu.ri.createlab.terk.robot.finch.DefaultFinchController: DefaultFinchController.disconnect(): Now attempting to send the disconnect command to the finch
2015-01-25 12:32:29,253 [main] DEBUG: edu.cmu.ri.createlab.terk.robot.finch.DefaultFinchController: DefaultFinchController.disconnect(): Successfully disconnected from the finch.
2015-01-25 12:32:29,253 [main] DEBUG: edu.cmu.ri.createlab.terk.robot.finch.DefaultFinchController: DefaultFinchController.disconnect(): Now shutting down the HIDCommandExecutionQueue...
2015-01-25 12:32:29,253 [main] DEBUG: edu.cmu.ri.createlab.usb.hid.HIDCommandExecutionQueue: HIDCommandExecutionQueue.shutdown(): Shutting down the HID device command execution queue
2015-01-25 12:32:29,253 [main] DEBUG: edu.cmu.ri.createlab.usb.hid.HIDCommandExecutionQueue: HIDCommandExecutionQueue.shutdown(): Unexecuted tasks: 0
2015-01-25 12:32:29,253 [main] DEBUG: edu.cmu.ri.createlab.usb.hid.HIDCommandExecutionQueue: HIDCommandExecutionQueue.shutdown(): Waiting for the HID device command execution queue to shutdown.
2015-01-25 12:32:29,253 [main] DEBUG: edu.cmu.ri.createlab.usb.hid.HIDCommandExecutionQueue: HIDCommandExecutionQueue.shutdown(): HID device command execution queue successfully shutdown
2015-01-25 12:32:29,253 [main] DEBUG: edu.cmu.ri.createlab.usb.hid.HIDCommandExecutionQueue: HIDCommandExecutionQueue.shutdown(): Now attempting to disconnect from the HID device...
2015-01-25 12:32:29,253 [main] DEBUG: edu.cmu.ri.createlab.usb.hid.hidapi.BaseHIDAPIDevice: BaseHIDAPIDevice.releaseDevice(): about to release device [0003:0013:00]
2015-01-25 12:32:29,253 [main] DEBUG: edu.cmu.ri.createlab.usb.hid.hidapi.BaseHIDAPIDevice: BaseHIDAPIDevice.releaseDevice(): done releasing [0003:0013:00]
2015-01-25 12:32:29,254 [main] DEBUG: edu.cmu.ri.createlab.usb.hid.hidapi.BaseHIDAPIDevice: BaseHIDAPIDevice.disconnect(): disconnected successfully
2015-01-25 12:32:29,254 [main] DEBUG: edu.cmu.ri.createlab.usb.hid.HIDCommandExecutionQueue: HIDCommandExecutionQueue.shutdown(): HID device disconnected successfully.
2015-01-25 12:32:29,254 [main] DEBUG: edu.cmu.ri.createlab.terk.robot.finch.LocalFinchConnectionStrategy: LocalFinchConnectionStrategy.handleConnectionStateChange(): OLD [Connected]  NEW [Disconnected]  port []
2015-01-25 12:32:29,255 [Thread-0] INFO : edu.cmu.ri.createlab.speech.AbstractMouth: Shutting down the mouth.
